[0.000000] (-) TimerEvent: {}
[0.000390] (examples_rclcpp_async_client) JobQueued: {'identifier': 'examples_rclcpp_async_client', 'dependencies': OrderedDict()}
[0.000456] (examples_rclcpp_cbg_executor) JobQueued: {'identifier': 'examples_rclcpp_cbg_executor', 'dependencies': OrderedDict()}
[0.000599] (examples_rclcpp_minimal_action_client) JobQueued: {'identifier': 'examples_rclcpp_minimal_action_client', 'dependencies': OrderedDict()}
[0.000683] (examples_rclcpp_minimal_action_server) JobQueued: {'identifier': 'examples_rclcpp_minimal_action_server', 'dependencies': OrderedDict()}
[0.000771] (examples_rclcpp_minimal_client) JobQueued: {'identifier': 'examples_rclcpp_minimal_client', 'dependencies': OrderedDict()}
[0.000847] (examples_rclcpp_minimal_composition) JobQueued: {'identifier': 'examples_rclcpp_minimal_composition', 'dependencies': OrderedDict()}
[0.000920] (examples_rclcpp_minimal_publisher) JobQueued: {'identifier': 'examples_rclcpp_minimal_publisher', 'dependencies': OrderedDict()}
[0.001083] (examples_rclcpp_minimal_service) JobQueued: {'identifier': 'examples_rclcpp_minimal_service', 'dependencies': OrderedDict()}
[0.001168] (examples_rclcpp_minimal_subscriber) JobQueued: {'identifier': 'examples_rclcpp_minimal_subscriber', 'dependencies': OrderedDict()}
[0.001224] (examples_rclcpp_minimal_timer) JobQueued: {'identifier': 'examples_rclcpp_minimal_timer', 'dependencies': OrderedDict()}
[0.001277] (examples_rclcpp_multithreaded_executor) JobQueued: {'identifier': 'examples_rclcpp_multithreaded_executor', 'dependencies': OrderedDict()}
[0.001336] (examples_rclcpp_wait_set) JobQueued: {'identifier': 'examples_rclcpp_wait_set', 'dependencies': OrderedDict()}
[0.001405] (examples_rclpy_executors) JobQueued: {'identifier': 'examples_rclpy_executors', 'dependencies': OrderedDict()}
[0.001456] (examples_rclpy_guard_conditions) JobQueued: {'identifier': 'examples_rclpy_guard_conditions', 'dependencies': OrderedDict()}
[0.001508] (examples_rclpy_minimal_action_client) JobQueued: {'identifier': 'examples_rclpy_minimal_action_client', 'dependencies': OrderedDict()}
[0.001558] (examples_rclpy_minimal_action_server) JobQueued: {'identifier': 'examples_rclpy_minimal_action_server', 'dependencies': OrderedDict()}
[0.001708] (examples_rclpy_minimal_client) JobQueued: {'identifier': 'examples_rclpy_minimal_client', 'dependencies': OrderedDict()}
[0.001787] (examples_rclpy_minimal_publisher) JobQueued: {'identifier': 'examples_rclpy_minimal_publisher', 'dependencies': OrderedDict()}
[0.001872] (examples_rclpy_minimal_service) JobQueued: {'identifier': 'examples_rclpy_minimal_service', 'dependencies': OrderedDict()}
[0.001930] (examples_rclpy_minimal_subscriber) JobQueued: {'identifier': 'examples_rclpy_minimal_subscriber', 'dependencies': OrderedDict()}
[0.001999] (examples_rclpy_pointcloud_publisher) JobQueued: {'identifier': 'examples_rclpy_pointcloud_publisher', 'dependencies': OrderedDict()}
[0.002049] (launch_testing_examples) JobQueued: {'identifier': 'launch_testing_examples', 'dependencies': OrderedDict()}
[0.002102] (examples_rclcpp_async_client) JobStarted: {'identifier': 'examples_rclcpp_async_client'}
[0.013345] (examples_rclcpp_cbg_executor) JobStarted: {'identifier': 'examples_rclcpp_cbg_executor'}
[0.020114] (examples_rclcpp_minimal_action_client) JobStarted: {'identifier': 'examples_rclcpp_minimal_action_client'}
[0.026140] (examples_rclcpp_minimal_action_server) JobStarted: {'identifier': 'examples_rclcpp_minimal_action_server'}
[0.038228] (examples_rclcpp_async_client) JobProgress: {'identifier': 'examples_rclcpp_async_client', 'progress': 'cmake'}
[0.039577] (examples_rclcpp_async_client) Command: {'cmd': ['/usr/bin/cmake', '/config/workspace/ros/d2lros2/chapter2/colcon_test_ws/src/examples/rclcpp/services/async_client', '-DCMAKE_INSTALL_PREFIX=/config/workspace/ros/d2lros2/chapter2/colcon_test_ws/install/examples_rclcpp_async_client'], 'cwd': '/config/workspace/ros/d2lros2/chapter2/colcon_test_ws/build/examples_rclcpp_async_client', 'env': OrderedDict([('LESSOPEN', '| /usr/bin/lesspipe %s'), ('LANGUAGE', 'en_US.UTF-8'), ('S6_STAGE2_HOOK', '/docker-mods'), ('HOSTNAME', 'dc1f95ecd945'), ('GIT_ASKPASS', '/app/code-server/lib/vscode/extensions/git/dist/askpass.sh'), ('SHLVL', '1'), ('LD_LIBRARY_PATH', '/opt/ros/humble/opt/rviz_ogre_vendor/lib:/opt/ros/humble/lib/x86_64-linux-gnu:/opt/ros/humble/lib'), ('BROWSER', '/app/code-server/lib/vscode/bin/helpers/browser.sh'), ('HOME', '/config'), ('CONDA_SHLVL', '0'), ('OLDPWD', '/config/workspace/ros/d2lros2/chapter2'), ('TERM_PROGRAM_VERSION', '1.91.1'), ('VSCODE_IPC_HOOK_CLI', '/tmp/vscode-ipc-deb4aae8-8fd6-45be-971e-3b8e20755ed5.sock'), ('DEFAULT_WORKSPACE', '/config/workspace'), ('ROS_PYTHON_VERSION', '3'), ('S6_VERBOSITY', '1'), ('VSCODE_GIT_ASKPASS_MAIN', '/app/code-server/lib/vscode/extensions/git/dist/askpass-main.js'), ('PROXY_DOMAIN', 'donghe.site'), ('VSCODE_GIT_ASKPASS_NODE', '/app/code-server/lib/node'), ('COLORTERM', 'truecolor'), ('_CE_M', ''), ('PGID', '1000'), ('LSIO_FIRST_PARTY', 'true'), ('ROS_DISTRO', 'humble'), ('S6_CMD_WAIT_FOR_SERVICES_MAXTIME', '0'), ('_', '/usr/bin/colcon'), ('ROS_VERSION', '2'), ('TERM', 'xterm-256color'), ('_CE_CONDA', ''), ('ROS_LOCALHOST_ONLY', '0'), ('PATH', '/opt/ros/humble/bin:/config/miniconda3/condabin:/app/code-server/lib/vscode/bin/remote-cli:/command:/lsiopy/bin:/usr/local/sbin:/usr/local/bin:/usr/sbin:/usr/bin:/sbin:/bin'), ('VSCODE_PROXY_URI', 'http://{{port}}.donghe.site/'), ('LANG', 'en_US.UTF-8'), ('SUDO_PASSWORD', 'password'), ('LS_COLORS', 'rs=0:di=01;34:ln=01;36:mh=00:pi=40;33:so=01;35:do=01;35:bd=40;33;01:cd=40;33;01:or=40;31;01:mi=00:su=37;41:sg=30;43:ca=30;41:tw=30;42:ow=34;42:st=37;44:ex=01;32:*.tar=01;31:*.tgz=01;31:*.arc=01;31:*.arj=01;31:*.taz=01;31:*.lha=01;31:*.lz4=01;31:*.lzh=01;31:*.lzma=01;31:*.tlz=01;31:*.txz=01;31:*.tzo=01;31:*.t7z=01;31:*.zip=01;31:*.z=01;31:*.dz=01;31:*.gz=01;31:*.lrz=01;31:*.lz=01;31:*.lzo=01;31:*.xz=01;31:*.zst=01;31:*.tzst=01;31:*.bz2=01;31:*.bz=01;31:*.tbz=01;31:*.tbz2=01;31:*.tz=01;31:*.deb=01;31:*.rpm=01;31:*.jar=01;31:*.war=01;31:*.ear=01;31:*.sar=01;31:*.rar=01;31:*.alz=01;31:*.ace=01;31:*.zoo=01;31:*.cpio=01;31:*.7z=01;31:*.rz=01;31:*.cab=01;31:*.wim=01;31:*.swm=01;31:*.dwm=01;31:*.esd=01;31:*.jpg=01;35:*.jpeg=01;35:*.mjpg=01;35:*.mjpeg=01;35:*.gif=01;35:*.bmp=01;35:*.pbm=01;35:*.pgm=01;35:*.ppm=01;35:*.tga=01;35:*.xbm=01;35:*.xpm=01;35:*.tif=01;35:*.tiff=01;35:*.png=01;35:*.svg=01;35:*.svgz=01;35:*.mng=01;35:*.pcx=01;35:*.mov=01;35:*.mpg=01;35:*.mpeg=01;35:*.m2v=01;35:*.mkv=01;35:*.webm=01;35:*.webp=01;35:*.ogm=01;35:*.mp4=01;35:*.m4v=01;35:*.mp4v=01;35:*.vob=01;35:*.qt=01;35:*.nuv=01;35:*.wmv=01;35:*.asf=01;35:*.rm=01;35:*.rmvb=01;35:*.flc=01;35:*.avi=01;35:*.fli=01;35:*.flv=01;35:*.gl=01;35:*.dl=01;35:*.xcf=01;35:*.xwd=01;35:*.yuv=01;35:*.cgm=01;35:*.emf=01;35:*.ogv=01;35:*.ogx=01;35:*.aac=00;36:*.au=00;36:*.flac=00;36:*.m4a=00;36:*.mid=00;36:*.midi=00;36:*.mka=00;36:*.mp3=00;36:*.mpc=00;36:*.ogg=00;36:*.ra=00;36:*.wav=00;36:*.oga=00;36:*.opus=00;36:*.spx=00;36:*.xspf=00;36:'), ('VSCODE_GIT_IPC_HANDLE', '/tmp/vscode-git-aa8b592d3c.sock'), ('NODE_EXEC_PATH', '/app/code-server/lib/node'), ('TERM_PROGRAM', 'vscode'), ('PUID', '1000'), ('AMENT_PREFIX_PATH', '/opt/ros/humble'), ('CONDA_PYTHON_EXE', '/config/miniconda3/bin/python'), ('LESSCLOSE', '/usr/bin/lesspipe %s %s'), ('VIRTUAL_ENV', '/lsiopy'), ('VSCODE_GIT_ASKPASS_EXTRA_ARGS', ''), ('PWD', '/config/workspace/ros/d2lros2/chapter2/colcon_test_ws/build/examples_rclcpp_async_client'), ('CONDA_EXE', '/config/miniconda3/bin/conda'), ('PYTHONPATH', '/opt/ros/humble/lib/python3.10/site-packages:/opt/ros/humble/local/lib/python3.10/dist-packages'), ('TZ', 'Etc/UTC'), ('COLCON', '1'), ('CMAKE_PREFIX_PATH', '/opt/ros/humble')]), 'shell': False}
[0.045347] (examples_rclcpp_cbg_executor) JobProgress: {'identifier': 'examples_rclcpp_cbg_executor', 'progress': 'cmake'}
[0.047862] (examples_rclcpp_cbg_executor) Command: {'cmd': ['/usr/bin/cmake', '/config/workspace/ros/d2lros2/chapter2/colcon_test_ws/src/examples/rclcpp/executors/cbg_executor', '-DCMAKE_INSTALL_PREFIX=/config/workspace/ros/d2lros2/chapter2/colcon_test_ws/install/examples_rclcpp_cbg_executor'], 'cwd': '/config/workspace/ros/d2lros2/chapter2/colcon_test_ws/build/examples_rclcpp_cbg_executor', 'env': OrderedDict([('LESSOPEN', '| /usr/bin/lesspipe %s'), ('LANGUAGE', 'en_US.UTF-8'), ('S6_STAGE2_HOOK', '/docker-mods'), ('HOSTNAME', 'dc1f95ecd945'), ('GIT_ASKPASS', '/app/code-server/lib/vscode/extensions/git/dist/askpass.sh'), ('SHLVL', '1'), ('LD_LIBRARY_PATH', '/opt/ros/humble/opt/rviz_ogre_vendor/lib:/opt/ros/humble/lib/x86_64-linux-gnu:/opt/ros/humble/lib'), ('BROWSER', '/app/code-server/lib/vscode/bin/helpers/browser.sh'), ('HOME', '/config'), ('CONDA_SHLVL', '0'), ('OLDPWD', '/config/workspace/ros/d2lros2/chapter2'), ('TERM_PROGRAM_VERSION', '1.91.1'), ('VSCODE_IPC_HOOK_CLI', '/tmp/vscode-ipc-deb4aae8-8fd6-45be-971e-3b8e20755ed5.sock'), ('DEFAULT_WORKSPACE', '/config/workspace'), ('ROS_PYTHON_VERSION', '3'), ('S6_VERBOSITY', '1'), ('VSCODE_GIT_ASKPASS_MAIN', '/app/code-server/lib/vscode/extensions/git/dist/askpass-main.js'), ('PROXY_DOMAIN', 'donghe.site'), ('VSCODE_GIT_ASKPASS_NODE', '/app/code-server/lib/node'), ('COLORTERM', 'truecolor'), ('_CE_M', ''), ('PGID', '1000'), ('LSIO_FIRST_PARTY', 'true'), ('ROS_DISTRO', 'humble'), ('S6_CMD_WAIT_FOR_SERVICES_MAXTIME', '0'), ('_', '/usr/bin/colcon'), ('ROS_VERSION', '2'), ('TERM', 'xterm-256color'), ('_CE_CONDA', ''), ('ROS_LOCALHOST_ONLY', '0'), ('PATH', '/opt/ros/humble/bin:/config/miniconda3/condabin:/app/code-server/lib/vscode/bin/remote-cli:/command:/lsiopy/bin:/usr/local/sbin:/usr/local/bin:/usr/sbin:/usr/bin:/sbin:/bin'), ('VSCODE_PROXY_URI', 'http://{{port}}.donghe.site/'), ('LANG', 'en_US.UTF-8'), ('SUDO_PASSWORD', 'password'), ('LS_COLORS', 'rs=0:di=01;34:ln=01;36:mh=00:pi=40;33:so=01;35:do=01;35:bd=40;33;01:cd=40;33;01:or=40;31;01:mi=00:su=37;41:sg=30;43:ca=30;41:tw=30;42:ow=34;42:st=37;44:ex=01;32:*.tar=01;31:*.tgz=01;31:*.arc=01;31:*.arj=01;31:*.taz=01;31:*.lha=01;31:*.lz4=01;31:*.lzh=01;31:*.lzma=01;31:*.tlz=01;31:*.txz=01;31:*.tzo=01;31:*.t7z=01;31:*.zip=01;31:*.z=01;31:*.dz=01;31:*.gz=01;31:*.lrz=01;31:*.lz=01;31:*.lzo=01;31:*.xz=01;31:*.zst=01;31:*.tzst=01;31:*.bz2=01;31:*.bz=01;31:*.tbz=01;31:*.tbz2=01;31:*.tz=01;31:*.deb=01;31:*.rpm=01;31:*.jar=01;31:*.war=01;31:*.ear=01;31:*.sar=01;31:*.rar=01;31:*.alz=01;31:*.ace=01;31:*.zoo=01;31:*.cpio=01;31:*.7z=01;31:*.rz=01;31:*.cab=01;31:*.wim=01;31:*.swm=01;31:*.dwm=01;31:*.esd=01;31:*.jpg=01;35:*.jpeg=01;35:*.mjpg=01;35:*.mjpeg=01;35:*.gif=01;35:*.bmp=01;35:*.pbm=01;35:*.pgm=01;35:*.ppm=01;35:*.tga=01;35:*.xbm=01;35:*.xpm=01;35:*.tif=01;35:*.tiff=01;35:*.png=01;35:*.svg=01;35:*.svgz=01;35:*.mng=01;35:*.pcx=01;35:*.mov=01;35:*.mpg=01;35:*.mpeg=01;35:*.m2v=01;35:*.mkv=01;35:*.webm=01;35:*.webp=01;35:*.ogm=01;35:*.mp4=01;35:*.m4v=01;35:*.mp4v=01;35:*.vob=01;35:*.qt=01;35:*.nuv=01;35:*.wmv=01;35:*.asf=01;35:*.rm=01;35:*.rmvb=01;35:*.flc=01;35:*.avi=01;35:*.fli=01;35:*.flv=01;35:*.gl=01;35:*.dl=01;35:*.xcf=01;35:*.xwd=01;35:*.yuv=01;35:*.cgm=01;35:*.emf=01;35:*.ogv=01;35:*.ogx=01;35:*.aac=00;36:*.au=00;36:*.flac=00;36:*.m4a=00;36:*.mid=00;36:*.midi=00;36:*.mka=00;36:*.mp3=00;36:*.mpc=00;36:*.ogg=00;36:*.ra=00;36:*.wav=00;36:*.oga=00;36:*.opus=00;36:*.spx=00;36:*.xspf=00;36:'), ('VSCODE_GIT_IPC_HANDLE', '/tmp/vscode-git-aa8b592d3c.sock'), ('NODE_EXEC_PATH', '/app/code-server/lib/node'), ('TERM_PROGRAM', 'vscode'), ('PUID', '1000'), ('AMENT_PREFIX_PATH', '/opt/ros/humble'), ('CONDA_PYTHON_EXE', '/config/miniconda3/bin/python'), ('LESSCLOSE', '/usr/bin/lesspipe %s %s'), ('VIRTUAL_ENV', '/lsiopy'), ('VSCODE_GIT_ASKPASS_EXTRA_ARGS', ''), ('PWD', '/config/workspace/ros/d2lros2/chapter2/colcon_test_ws/build/examples_rclcpp_cbg_executor'), ('CONDA_EXE', '/config/miniconda3/bin/conda'), ('PYTHONPATH', '/opt/ros/humble/lib/python3.10/site-packages:/opt/ros/humble/local/lib/python3.10/dist-packages'), ('TZ', 'Etc/UTC'), ('COLCON', '1'), ('CMAKE_PREFIX_PATH', '/opt/ros/humble')]), 'shell': False}
[0.052479] (examples_rclcpp_minimal_action_client) JobProgress: {'identifier': 'examples_rclcpp_minimal_action_client', 'progress': 'cmake'}
[0.053888] (examples_rclcpp_minimal_action_client) Command: {'cmd': ['/usr/bin/cmake', '/config/workspace/ros/d2lros2/chapter2/colcon_test_ws/src/examples/rclcpp/actions/minimal_action_client', '-DCMAKE_INSTALL_PREFIX=/config/workspace/ros/d2lros2/chapter2/colcon_test_ws/install/examples_rclcpp_minimal_action_client'], 'cwd': '/config/workspace/ros/d2lros2/chapter2/colcon_test_ws/build/examples_rclcpp_minimal_action_client', 'env': OrderedDict([('LESSOPEN', '| /usr/bin/lesspipe %s'), ('LANGUAGE', 'en_US.UTF-8'), ('S6_STAGE2_HOOK', '/docker-mods'), ('HOSTNAME', 'dc1f95ecd945'), ('GIT_ASKPASS', '/app/code-server/lib/vscode/extensions/git/dist/askpass.sh'), ('SHLVL', '1'), ('LD_LIBRARY_PATH', '/opt/ros/humble/opt/rviz_ogre_vendor/lib:/opt/ros/humble/lib/x86_64-linux-gnu:/opt/ros/humble/lib'), ('BROWSER', '/app/code-server/lib/vscode/bin/helpers/browser.sh'), ('HOME', '/config'), ('CONDA_SHLVL', '0'), ('OLDPWD', '/config/workspace/ros/d2lros2/chapter2'), ('TERM_PROGRAM_VERSION', '1.91.1'), ('VSCODE_IPC_HOOK_CLI', '/tmp/vscode-ipc-deb4aae8-8fd6-45be-971e-3b8e20755ed5.sock'), ('DEFAULT_WORKSPACE', '/config/workspace'), ('ROS_PYTHON_VERSION', '3'), ('S6_VERBOSITY', '1'), ('VSCODE_GIT_ASKPASS_MAIN', '/app/code-server/lib/vscode/extensions/git/dist/askpass-main.js'), ('PROXY_DOMAIN', 'donghe.site'), ('VSCODE_GIT_ASKPASS_NODE', '/app/code-server/lib/node'), ('COLORTERM', 'truecolor'), ('_CE_M', ''), ('PGID', '1000'), ('LSIO_FIRST_PARTY', 'true'), ('ROS_DISTRO', 'humble'), ('S6_CMD_WAIT_FOR_SERVICES_MAXTIME', '0'), ('_', '/usr/bin/colcon'), ('ROS_VERSION', '2'), ('TERM', 'xterm-256color'), ('_CE_CONDA', ''), ('ROS_LOCALHOST_ONLY', '0'), ('PATH', '/opt/ros/humble/bin:/config/miniconda3/condabin:/app/code-server/lib/vscode/bin/remote-cli:/command:/lsiopy/bin:/usr/local/sbin:/usr/local/bin:/usr/sbin:/usr/bin:/sbin:/bin'), ('VSCODE_PROXY_URI', 'http://{{port}}.donghe.site/'), ('LANG', 'en_US.UTF-8'), ('SUDO_PASSWORD', 'password'), ('LS_COLORS', 'rs=0:di=01;34:ln=01;36:mh=00:pi=40;33:so=01;35:do=01;35:bd=40;33;01:cd=40;33;01:or=40;31;01:mi=00:su=37;41:sg=30;43:ca=30;41:tw=30;42:ow=34;42:st=37;44:ex=01;32:*.tar=01;31:*.tgz=01;31:*.arc=01;31:*.arj=01;31:*.taz=01;31:*.lha=01;31:*.lz4=01;31:*.lzh=01;31:*.lzma=01;31:*.tlz=01;31:*.txz=01;31:*.tzo=01;31:*.t7z=01;31:*.zip=01;31:*.z=01;31:*.dz=01;31:*.gz=01;31:*.lrz=01;31:*.lz=01;31:*.lzo=01;31:*.xz=01;31:*.zst=01;31:*.tzst=01;31:*.bz2=01;31:*.bz=01;31:*.tbz=01;31:*.tbz2=01;31:*.tz=01;31:*.deb=01;31:*.rpm=01;31:*.jar=01;31:*.war=01;31:*.ear=01;31:*.sar=01;31:*.rar=01;31:*.alz=01;31:*.ace=01;31:*.zoo=01;31:*.cpio=01;31:*.7z=01;31:*.rz=01;31:*.cab=01;31:*.wim=01;31:*.swm=01;31:*.dwm=01;31:*.esd=01;31:*.jpg=01;35:*.jpeg=01;35:*.mjpg=01;35:*.mjpeg=01;35:*.gif=01;35:*.bmp=01;35:*.pbm=01;35:*.pgm=01;35:*.ppm=01;35:*.tga=01;35:*.xbm=01;35:*.xpm=01;35:*.tif=01;35:*.tiff=01;35:*.png=01;35:*.svg=01;35:*.svgz=01;35:*.mng=01;35:*.pcx=01;35:*.mov=01;35:*.mpg=01;35:*.mpeg=01;35:*.m2v=01;35:*.mkv=01;35:*.webm=01;35:*.webp=01;35:*.ogm=01;35:*.mp4=01;35:*.m4v=01;35:*.mp4v=01;35:*.vob=01;35:*.qt=01;35:*.nuv=01;35:*.wmv=01;35:*.asf=01;35:*.rm=01;35:*.rmvb=01;35:*.flc=01;35:*.avi=01;35:*.fli=01;35:*.flv=01;35:*.gl=01;35:*.dl=01;35:*.xcf=01;35:*.xwd=01;35:*.yuv=01;35:*.cgm=01;35:*.emf=01;35:*.ogv=01;35:*.ogx=01;35:*.aac=00;36:*.au=00;36:*.flac=00;36:*.m4a=00;36:*.mid=00;36:*.midi=00;36:*.mka=00;36:*.mp3=00;36:*.mpc=00;36:*.ogg=00;36:*.ra=00;36:*.wav=00;36:*.oga=00;36:*.opus=00;36:*.spx=00;36:*.xspf=00;36:'), ('VSCODE_GIT_IPC_HANDLE', '/tmp/vscode-git-aa8b592d3c.sock'), ('NODE_EXEC_PATH', '/app/code-server/lib/node'), ('TERM_PROGRAM', 'vscode'), ('PUID', '1000'), ('AMENT_PREFIX_PATH', '/opt/ros/humble'), ('CONDA_PYTHON_EXE', '/config/miniconda3/bin/python'), ('LESSCLOSE', '/usr/bin/lesspipe %s %s'), ('VIRTUAL_ENV', '/lsiopy'), ('VSCODE_GIT_ASKPASS_EXTRA_ARGS', ''), ('PWD', '/config/workspace/ros/d2lros2/chapter2/colcon_test_ws/build/examples_rclcpp_minimal_action_client'), ('CONDA_EXE', '/config/miniconda3/bin/conda'), ('PYTHONPATH', '/opt/ros/humble/lib/python3.10/site-packages:/opt/ros/humble/local/lib/python3.10/dist-packages'), ('TZ', 'Etc/UTC'), ('COLCON', '1'), ('CMAKE_PREFIX_PATH', '/opt/ros/humble')]), 'shell': False}
[0.079077] (examples_rclcpp_async_client) StdoutLine: {'line': b'-- Found ament_cmake: 1.3.10 (/opt/ros/humble/share/ament_cmake/cmake)\n'}
[0.086034] (examples_rclcpp_cbg_executor) StdoutLine: {'line': b'-- Found ament_cmake: 1.3.10 (/opt/ros/humble/share/ament_cmake/cmake)\n'}
[0.091590] (examples_rclcpp_minimal_action_client) StdoutLine: {'line': b'-- Found ament_cmake: 1.3.10 (/opt/ros/humble/share/ament_cmake/cmake)\n'}
[0.101747] (examples_rclcpp_minimal_action_server) JobProgress: {'identifier': 'examples_rclcpp_minimal_action_server', 'progress': 'cmake'}
[0.101887] (-) TimerEvent: {}
[0.102152] (examples_rclcpp_minimal_action_server) Command: {'cmd': ['/usr/bin/cmake', '/config/workspace/ros/d2lros2/chapter2/colcon_test_ws/src/examples/rclcpp/actions/minimal_action_server', '-DCMAKE_INSTALL_PREFIX=/config/workspace/ros/d2lros2/chapter2/colcon_test_ws/install/examples_rclcpp_minimal_action_server'], 'cwd': '/config/workspace/ros/d2lros2/chapter2/colcon_test_ws/build/examples_rclcpp_minimal_action_server', 'env': OrderedDict([('LESSOPEN', '| /usr/bin/lesspipe %s'), ('LANGUAGE', 'en_US.UTF-8'), ('S6_STAGE2_HOOK', '/docker-mods'), ('HOSTNAME', 'dc1f95ecd945'), ('GIT_ASKPASS', '/app/code-server/lib/vscode/extensions/git/dist/askpass.sh'), ('SHLVL', '1'), ('LD_LIBRARY_PATH', '/opt/ros/humble/opt/rviz_ogre_vendor/lib:/opt/ros/humble/lib/x86_64-linux-gnu:/opt/ros/humble/lib'), ('BROWSER', '/app/code-server/lib/vscode/bin/helpers/browser.sh'), ('HOME', '/config'), ('CONDA_SHLVL', '0'), ('OLDPWD', '/config/workspace/ros/d2lros2/chapter2'), ('TERM_PROGRAM_VERSION', '1.91.1'), ('VSCODE_IPC_HOOK_CLI', '/tmp/vscode-ipc-deb4aae8-8fd6-45be-971e-3b8e20755ed5.sock'), ('DEFAULT_WORKSPACE', '/config/workspace'), ('ROS_PYTHON_VERSION', '3'), ('S6_VERBOSITY', '1'), ('VSCODE_GIT_ASKPASS_MAIN', '/app/code-server/lib/vscode/extensions/git/dist/askpass-main.js'), ('PROXY_DOMAIN', 'donghe.site'), ('VSCODE_GIT_ASKPASS_NODE', '/app/code-server/lib/node'), ('COLORTERM', 'truecolor'), ('_CE_M', ''), ('PGID', '1000'), ('LSIO_FIRST_PARTY', 'true'), ('ROS_DISTRO', 'humble'), ('S6_CMD_WAIT_FOR_SERVICES_MAXTIME', '0'), ('_', '/usr/bin/colcon'), ('ROS_VERSION', '2'), ('TERM', 'xterm-256color'), ('_CE_CONDA', ''), ('ROS_LOCALHOST_ONLY', '0'), ('PATH', '/opt/ros/humble/bin:/config/miniconda3/condabin:/app/code-server/lib/vscode/bin/remote-cli:/command:/lsiopy/bin:/usr/local/sbin:/usr/local/bin:/usr/sbin:/usr/bin:/sbin:/bin'), ('VSCODE_PROXY_URI', 'http://{{port}}.donghe.site/'), ('LANG', 'en_US.UTF-8'), ('SUDO_PASSWORD', 'password'), ('LS_COLORS', 'rs=0:di=01;34:ln=01;36:mh=00:pi=40;33:so=01;35:do=01;35:bd=40;33;01:cd=40;33;01:or=40;31;01:mi=00:su=37;41:sg=30;43:ca=30;41:tw=30;42:ow=34;42:st=37;44:ex=01;32:*.tar=01;31:*.tgz=01;31:*.arc=01;31:*.arj=01;31:*.taz=01;31:*.lha=01;31:*.lz4=01;31:*.lzh=01;31:*.lzma=01;31:*.tlz=01;31:*.txz=01;31:*.tzo=01;31:*.t7z=01;31:*.zip=01;31:*.z=01;31:*.dz=01;31:*.gz=01;31:*.lrz=01;31:*.lz=01;31:*.lzo=01;31:*.xz=01;31:*.zst=01;31:*.tzst=01;31:*.bz2=01;31:*.bz=01;31:*.tbz=01;31:*.tbz2=01;31:*.tz=01;31:*.deb=01;31:*.rpm=01;31:*.jar=01;31:*.war=01;31:*.ear=01;31:*.sar=01;31:*.rar=01;31:*.alz=01;31:*.ace=01;31:*.zoo=01;31:*.cpio=01;31:*.7z=01;31:*.rz=01;31:*.cab=01;31:*.wim=01;31:*.swm=01;31:*.dwm=01;31:*.esd=01;31:*.jpg=01;35:*.jpeg=01;35:*.mjpg=01;35:*.mjpeg=01;35:*.gif=01;35:*.bmp=01;35:*.pbm=01;35:*.pgm=01;35:*.ppm=01;35:*.tga=01;35:*.xbm=01;35:*.xpm=01;35:*.tif=01;35:*.tiff=01;35:*.png=01;35:*.svg=01;35:*.svgz=01;35:*.mng=01;35:*.pcx=01;35:*.mov=01;35:*.mpg=01;35:*.mpeg=01;35:*.m2v=01;35:*.mkv=01;35:*.webm=01;35:*.webp=01;35:*.ogm=01;35:*.mp4=01;35:*.m4v=01;35:*.mp4v=01;35:*.vob=01;35:*.qt=01;35:*.nuv=01;35:*.wmv=01;35:*.asf=01;35:*.rm=01;35:*.rmvb=01;35:*.flc=01;35:*.avi=01;35:*.fli=01;35:*.flv=01;35:*.gl=01;35:*.dl=01;35:*.xcf=01;35:*.xwd=01;35:*.yuv=01;35:*.cgm=01;35:*.emf=01;35:*.ogv=01;35:*.ogx=01;35:*.aac=00;36:*.au=00;36:*.flac=00;36:*.m4a=00;36:*.mid=00;36:*.midi=00;36:*.mka=00;36:*.mp3=00;36:*.mpc=00;36:*.ogg=00;36:*.ra=00;36:*.wav=00;36:*.oga=00;36:*.opus=00;36:*.spx=00;36:*.xspf=00;36:'), ('VSCODE_GIT_IPC_HANDLE', '/tmp/vscode-git-aa8b592d3c.sock'), ('NODE_EXEC_PATH', '/app/code-server/lib/node'), ('TERM_PROGRAM', 'vscode'), ('PUID', '1000'), ('AMENT_PREFIX_PATH', '/opt/ros/humble'), ('CONDA_PYTHON_EXE', '/config/miniconda3/bin/python'), ('LESSCLOSE', '/usr/bin/lesspipe %s %s'), ('VIRTUAL_ENV', '/lsiopy'), ('VSCODE_GIT_ASKPASS_EXTRA_ARGS', ''), ('PWD', '/config/workspace/ros/d2lros2/chapter2/colcon_test_ws/build/examples_rclcpp_minimal_action_server'), ('CONDA_EXE', '/config/miniconda3/bin/conda'), ('PYTHONPATH', '/opt/ros/humble/lib/python3.10/site-packages:/opt/ros/humble/local/lib/python3.10/dist-packages'), ('TZ', 'Etc/UTC'), ('COLCON', '1'), ('CMAKE_PREFIX_PATH', '/opt/ros/humble')]), 'shell': False}
[0.135917] (examples_rclcpp_minimal_action_server) StdoutLine: {'line': b'-- Found ament_cmake: 1.3.10 (/opt/ros/humble/share/ament_cmake/cmake)\n'}
[0.202056] (-) TimerEvent: {}
[0.302604] (-) TimerEvent: {}
[0.403149] (-) TimerEvent: {}
[0.440117] (examples_rclcpp_async_client) StdoutLine: {'line': b'-- Found example_interfaces: 0.9.3 (/opt/ros/humble/share/example_interfaces/cmake)\n'}
[0.447400] (examples_rclcpp_cbg_executor) StdoutLine: {'line': b'-- Found rclcpp: 16.0.10 (/opt/ros/humble/share/rclcpp/cmake)\n'}
[0.451621] (examples_rclcpp_minimal_action_client) StdoutLine: {'line': b'-- Found example_interfaces: 0.9.3 (/opt/ros/humble/share/example_interfaces/cmake)\n'}
[0.493329] (examples_rclcpp_async_client) StdoutLine: {'line': b'-- Found rosidl_generator_c: 3.1.5 (/opt/ros/humble/share/rosidl_generator_c/cmake)\n'}
[0.497711] (examples_rclcpp_minimal_action_server) StdoutLine: {'line': b'-- Found example_interfaces: 0.9.3 (/opt/ros/humble/share/example_interfaces/cmake)\n'}
[0.503290] (-) TimerEvent: {}
[0.506327] (examples_rclcpp_async_client) StdoutLine: {'line': b'-- Found rosidl_adapter: 3.1.5 (/opt/ros/humble/share/rosidl_adapter/cmake)\n'}
[0.507483] (examples_rclcpp_minimal_action_client) StdoutLine: {'line': b'-- Found rosidl_generator_c: 3.1.5 (/opt/ros/humble/share/rosidl_generator_c/cmake)\n'}
[0.513810] (examples_rclcpp_async_client) StdoutLine: {'line': b'-- Found rosidl_generator_cpp: 3.1.5 (/opt/ros/humble/share/rosidl_generator_cpp/cmake)\n'}
[0.514451] (examples_rclcpp_minimal_action_client) StdoutLine: {'line': b'-- Found rosidl_adapter: 3.1.5 (/opt/ros/humble/share/rosidl_adapter/cmake)\n'}
[0.529875] (examples_rclcpp_minimal_action_client) StdoutLine: {'line': b'-- Found rosidl_generator_cpp: 3.1.5 (/opt/ros/humble/share/rosidl_generator_cpp/cmake)\n'}
[0.537543] (examples_rclcpp_async_client) StdoutLine: {'line': b'-- Using all available rosidl_typesupport_c: rosidl_typesupport_fastrtps_c;rosidl_typesupport_introspection_c\n'}
[0.551987] (examples_rclcpp_cbg_executor) StdoutLine: {'line': b'-- Found rosidl_generator_c: 3.1.5 (/opt/ros/humble/share/rosidl_generator_c/cmake)\n'}
[0.552923] (examples_rclcpp_minimal_action_client) StdoutLine: {'line': b'-- Using all available rosidl_typesupport_c: rosidl_typesupport_fastrtps_c;rosidl_typesupport_introspection_c\n'}
[0.557990] (examples_rclcpp_cbg_executor) StdoutLine: {'line': b'-- Found rosidl_adapter: 3.1.5 (/opt/ros/humble/share/rosidl_adapter/cmake)\n'}
[0.563944] (examples_rclcpp_minimal_action_server) StdoutLine: {'line': b'-- Found rosidl_generator_c: 3.1.5 (/opt/ros/humble/share/rosidl_generator_c/cmake)\n'}
[0.564590] (examples_rclcpp_async_client) StdoutLine: {'line': b'-- Using all available rosidl_typesupport_cpp: rosidl_typesupport_fastrtps_cpp;rosidl_typesupport_introspection_cpp\n'}
[0.570631] (examples_rclcpp_cbg_executor) StdoutLine: {'line': b'-- Found rosidl_generator_cpp: 3.1.5 (/opt/ros/humble/share/rosidl_generator_cpp/cmake)\n'}
[0.572513] (examples_rclcpp_minimal_action_server) StdoutLine: {'line': b'-- Found rosidl_adapter: 3.1.5 (/opt/ros/humble/share/rosidl_adapter/cmake)\n'}
[0.582814] (examples_rclcpp_minimal_action_client) StdoutLine: {'line': b'-- Using all available rosidl_typesupport_cpp: rosidl_typesupport_fastrtps_cpp;rosidl_typesupport_introspection_cpp\n'}
[0.588846] (examples_rclcpp_minimal_action_server) StdoutLine: {'line': b'-- Found rosidl_generator_cpp: 3.1.5 (/opt/ros/humble/share/rosidl_generator_cpp/cmake)\n'}
[0.592475] (examples_rclcpp_cbg_executor) StdoutLine: {'line': b'-- Using all available rosidl_typesupport_c: rosidl_typesupport_fastrtps_c;rosidl_typesupport_introspection_c\n'}
[0.603435] (-) TimerEvent: {}
[0.614612] (examples_rclcpp_minimal_action_server) StdoutLine: {'line': b'-- Using all available rosidl_typesupport_c: rosidl_typesupport_fastrtps_c;rosidl_typesupport_introspection_c\n'}
[0.623411] (examples_rclcpp_cbg_executor) StdoutLine: {'line': b'-- Using all available rosidl_typesupport_cpp: rosidl_typesupport_fastrtps_cpp;rosidl_typesupport_introspection_cpp\n'}
[0.647091] (examples_rclcpp_minimal_action_server) StdoutLine: {'line': b'-- Using all available rosidl_typesupport_cpp: rosidl_typesupport_fastrtps_cpp;rosidl_typesupport_introspection_cpp\n'}
[0.668149] (examples_rclcpp_async_client) StdoutLine: {'line': b'-- Found rclcpp: 16.0.10 (/opt/ros/humble/share/rclcpp/cmake)\n'}
[0.689585] (examples_rclcpp_minimal_action_client) StdoutLine: {'line': b'-- Found rclcpp: 16.0.10 (/opt/ros/humble/share/rclcpp/cmake)\n'}
[0.695313] (examples_rclcpp_cbg_executor) StdoutLine: {'line': b'-- Found rmw_implementation_cmake: 6.1.2 (/opt/ros/humble/share/rmw_implementation_cmake/cmake)\n'}
[0.698198] (examples_rclcpp_cbg_executor) StdoutLine: {'line': b'-- Found rmw_fastrtps_cpp: 6.2.7 (/opt/ros/humble/share/rmw_fastrtps_cpp/cmake)\n'}
[0.703578] (-) TimerEvent: {}
[0.722374] (examples_rclcpp_async_client) StdoutLine: {'line': b'-- Found rmw_implementation_cmake: 6.1.2 (/opt/ros/humble/share/rmw_implementation_cmake/cmake)\n'}
[0.725248] (examples_rclcpp_async_client) StdoutLine: {'line': b'-- Found rmw_fastrtps_cpp: 6.2.7 (/opt/ros/humble/share/rmw_fastrtps_cpp/cmake)\n'}
[0.746629] (examples_rclcpp_minimal_action_client) StdoutLine: {'line': b'-- Found rmw_implementation_cmake: 6.1.2 (/opt/ros/humble/share/rmw_implementation_cmake/cmake)\n'}
[0.750155] (examples_rclcpp_minimal_action_client) StdoutLine: {'line': b'-- Found rmw_fastrtps_cpp: 6.2.7 (/opt/ros/humble/share/rmw_fastrtps_cpp/cmake)\n'}
[0.767942] (examples_rclcpp_minimal_action_server) StdoutLine: {'line': b'-- Found rclcpp: 16.0.10 (/opt/ros/humble/share/rclcpp/cmake)\n'}
[0.803733] (-) TimerEvent: {}
[0.829899] (examples_rclcpp_minimal_action_server) StdoutLine: {'line': b'-- Found rmw_implementation_cmake: 6.1.2 (/opt/ros/humble/share/rmw_implementation_cmake/cmake)\n'}
[0.833957] (examples_rclcpp_minimal_action_server) StdoutLine: {'line': b'-- Found rmw_fastrtps_cpp: 6.2.7 (/opt/ros/humble/share/rmw_fastrtps_cpp/cmake)\n'}
[0.903882] (-) TimerEvent: {}
[0.954806] (examples_rclcpp_cbg_executor) StdoutLine: {'line': b"-- Using RMW implementation 'rmw_fastrtps_cpp' as default\n"}
[0.971493] (examples_rclcpp_minimal_action_client) StdoutLine: {'line': b"-- Using RMW implementation 'rmw_fastrtps_cpp' as default\n"}
[0.987904] (examples_rclcpp_async_client) StdoutLine: {'line': b"-- Using RMW implementation 'rmw_fastrtps_cpp' as default\n"}
[1.004045] (-) TimerEvent: {}
[1.060486] (examples_rclcpp_cbg_executor) StdoutLine: {'line': b'-- Found ament_lint_auto: 0.12.11 (/opt/ros/humble/share/ament_lint_auto/cmake)\n'}
[1.079036] (examples_rclcpp_minimal_action_client) StdoutLine: {'line': b'-- Found rclcpp_action: 16.0.10 (/opt/ros/humble/share/rclcpp_action/cmake)\n'}
[1.089906] (examples_rclcpp_minimal_action_server) StdoutLine: {'line': b"-- Using RMW implementation 'rmw_fastrtps_cpp' as default\n"}
[1.103097] (examples_rclcpp_async_client) StdoutLine: {'line': b'-- Found ament_lint_auto: 0.12.11 (/opt/ros/humble/share/ament_lint_auto/cmake)\n'}
[1.104117] (-) TimerEvent: {}
[1.104512] (examples_rclcpp_minimal_action_client) StdoutLine: {'line': b'-- Found ament_lint_auto: 0.12.11 (/opt/ros/humble/share/ament_lint_auto/cmake)\n'}
[1.119240] (examples_rclcpp_cbg_executor) StderrLine: {'line': b'Traceback (most recent call last):\n'}
[1.120915] (examples_rclcpp_cbg_executor) StderrLine: {'line': b'  File "/opt/ros/humble/share/ament_cmake_core/cmake/core/package_xml_2_cmake.py", line 22, in <module>\n'}
[1.121291] (examples_rclcpp_cbg_executor) StderrLine: {'line': b'    from catkin_pkg.package import parse_package_string\n'}
[1.121473] (examples_rclcpp_cbg_executor) StderrLine: {'line': b"ModuleNotFoundError: No module named 'catkin_pkg'\n"}
[1.131224] (examples_rclcpp_cbg_executor) StderrLine: {'line': b'\x1b[31mCMake Error at /opt/ros/humble/share/ament_cmake_core/cmake/core/ament_package_xml.cmake:95 (message):\n'}
[1.133479] (examples_rclcpp_cbg_executor) StderrLine: {'line': b'  execute_process(/config/miniconda3/bin/python3\n'}
[1.133829] (examples_rclcpp_cbg_executor) StderrLine: {'line': b'  /opt/ros/humble/share/ament_cmake_core/cmake/core/package_xml_2_cmake.py\n'}
[1.134007] (examples_rclcpp_cbg_executor) StderrLine: {'line': b'  /config/workspace/ros/d2lros2/chapter2/colcon_test_ws/src/examples/rclcpp/executors/cbg_executor/package.xml\n'}
[1.134175] (examples_rclcpp_cbg_executor) StderrLine: {'line': b'  /config/workspace/ros/d2lros2/chapter2/colcon_test_ws/build/examples_rclcpp_cbg_executor/ament_cmake_core/package.cmake)\n'}
[1.134332] (examples_rclcpp_cbg_executor) StderrLine: {'line': b'  returned error code 1\n'}
[1.134490] (examples_rclcpp_cbg_executor) StderrLine: {'line': b'Call Stack (most recent call first):\n'}
[1.134646] (examples_rclcpp_cbg_executor) StderrLine: {'line': b'  /opt/ros/humble/share/ament_cmake_core/cmake/core/ament_package_xml.cmake:49 (_ament_package_xml)\n'}
[1.134804] (examples_rclcpp_cbg_executor) StderrLine: {'line': b'  /opt/ros/humble/share/ament_lint_auto/cmake/ament_lint_auto_find_test_dependencies.cmake:31 (ament_package_xml)\n'}
[1.134960] (examples_rclcpp_cbg_executor) StderrLine: {'line': b'  CMakeLists.txt:51 (ament_lint_auto_find_test_dependencies)\n'}
[1.135114] (examples_rclcpp_cbg_executor) StderrLine: {'line': b'\n'}
[1.135300] (examples_rclcpp_cbg_executor) StderrLine: {'line': b'\x1b[0m\n'}
[1.148159] (examples_rclcpp_cbg_executor) StdoutLine: {'line': b'-- Configuring incomplete, errors occurred!\n'}
[1.148541] (examples_rclcpp_cbg_executor) StdoutLine: {'line': b'See also "/config/workspace/ros/d2lros2/chapter2/colcon_test_ws/build/examples_rclcpp_cbg_executor/CMakeFiles/CMakeOutput.log".\n'}
[1.159727] (examples_rclcpp_minimal_action_client) StderrLine: {'line': b'Traceback (most recent call last):\n'}
[1.160233] (examples_rclcpp_minimal_action_client) StderrLine: {'line': b'  File "/opt/ros/humble/share/ament_cmake_core/cmake/core/package_xml_2_cmake.py", line 22, in <module>\n'}
[1.160443] (examples_rclcpp_minimal_action_client) StderrLine: {'line': b'    from catkin_pkg.package import parse_package_string\n'}
[1.160602] (examples_rclcpp_minimal_action_client) StderrLine: {'line': b"ModuleNotFoundError: No module named 'catkin_pkg'\n"}
[1.163094] (examples_rclcpp_async_client) StderrLine: {'line': b'Traceback (most recent call last):\n'}
[1.163558] (examples_rclcpp_async_client) StderrLine: {'line': b'  File "/opt/ros/humble/share/ament_cmake_core/cmake/core/package_xml_2_cmake.py", line 22, in <module>\n'}
[1.163765] (examples_rclcpp_async_client) StderrLine: {'line': b'    from catkin_pkg.package import parse_package_string\n'}
[1.163930] (examples_rclcpp_async_client) StderrLine: {'line': b"ModuleNotFoundError: No module named 'catkin_pkg'\n"}
[1.174180] (examples_rclcpp_minimal_action_client) StderrLine: {'line': b'\x1b[31mCMake Error at /opt/ros/humble/share/ament_cmake_core/cmake/core/ament_package_xml.cmake:95 (message):\n'}
[1.174532] (examples_rclcpp_minimal_action_client) StderrLine: {'line': b'  execute_process(/config/miniconda3/bin/python3\n'}
[1.174706] (examples_rclcpp_minimal_action_client) StderrLine: {'line': b'  /opt/ros/humble/share/ament_cmake_core/cmake/core/package_xml_2_cmake.py\n'}
[1.174861] (examples_rclcpp_minimal_action_client) StderrLine: {'line': b'  /config/workspace/ros/d2lros2/chapter2/colcon_test_ws/src/examples/rclcpp/actions/minimal_action_client/package.xml\n'}
[1.175021] (examples_rclcpp_minimal_action_client) StderrLine: {'line': b'  /config/workspace/ros/d2lros2/chapter2/colcon_test_ws/build/examples_rclcpp_minimal_action_client/ament_cmake_core/package.cmake)\n'}
[1.175199] (examples_rclcpp_minimal_action_client) StderrLine: {'line': b'  returned error code 1\n'}
[1.175395] (examples_rclcpp_minimal_action_client) StderrLine: {'line': b'Call Stack (most recent call first):\n'}
[1.175544] (examples_rclcpp_minimal_action_client) StderrLine: {'line': b'  /opt/ros/humble/share/ament_cmake_core/cmake/core/ament_package_xml.cmake:49 (_ament_package_xml)\n'}
[1.175695] (examples_rclcpp_minimal_action_client) StderrLine: {'line': b'  /opt/ros/humble/share/ament_lint_auto/cmake/ament_lint_auto_find_test_dependencies.cmake:31 (ament_package_xml)\n'}
[1.175849] (examples_rclcpp_minimal_action_client) StderrLine: {'line': b'  CMakeLists.txt:44 (ament_lint_auto_find_test_dependencies)\n'}
[1.175999] (examples_rclcpp_minimal_action_client) StderrLine: {'line': b'\n'}
[1.176144] (examples_rclcpp_minimal_action_client) StderrLine: {'line': b'\x1b[0m\n'}
[1.176296] (examples_rclcpp_minimal_action_client) StdoutLine: {'line': b'-- Configuring incomplete, errors occurred!\n'}
[1.191420] (examples_rclcpp_minimal_action_client) StdoutLine: {'line': b'See also "/config/workspace/ros/d2lros2/chapter2/colcon_test_ws/build/examples_rclcpp_minimal_action_client/CMakeFiles/CMakeOutput.log".\n'}
[1.191644] (examples_rclcpp_async_client) StderrLine: {'line': b'\x1b[31mCMake Error at /opt/ros/humble/share/ament_cmake_core/cmake/core/ament_package_xml.cmake:95 (message):\n'}
[1.191826] (examples_rclcpp_async_client) StderrLine: {'line': b'  execute_process(/config/miniconda3/bin/python3\n'}
[1.191984] (examples_rclcpp_async_client) StderrLine: {'line': b'  /opt/ros/humble/share/ament_cmake_core/cmake/core/package_xml_2_cmake.py\n'}
[1.192140] (examples_rclcpp_async_client) StderrLine: {'line': b'  /config/workspace/ros/d2lros2/chapter2/colcon_test_ws/src/examples/rclcpp/services/async_client/package.xml\n'}
[1.192294] (examples_rclcpp_async_client) StderrLine: {'line': b'  /config/workspace/ros/d2lros2/chapter2/colcon_test_ws/build/examples_rclcpp_async_client/ament_cmake_core/package.cmake)\n'}
[1.192446] (examples_rclcpp_async_client) StderrLine: {'line': b'  returned error code 1\n'}
[1.192600] (examples_rclcpp_async_client) StderrLine: {'line': b'Call Stack (most recent call first):\n'}
[1.192757] (examples_rclcpp_async_client) StderrLine: {'line': b'  /opt/ros/humble/share/ament_cmake_core/cmake/core/ament_package_xml.cmake:49 (_ament_package_xml)\n'}
[1.192905] (examples_rclcpp_async_client) StderrLine: {'line': b'  /opt/ros/humble/share/ament_lint_auto/cmake/ament_lint_auto_find_test_dependencies.cmake:31 (ament_package_xml)\n'}
[1.193057] (examples_rclcpp_async_client) StderrLine: {'line': b'  CMakeLists.txt:25 (ament_lint_auto_find_test_dependencies)\n'}
[1.193214] (examples_rclcpp_async_client) StderrLine: {'line': b'\n'}
[1.193366] (examples_rclcpp_async_client) StderrLine: {'line': b'\x1b[0m\n'}
[1.193515] (examples_rclcpp_async_client) StdoutLine: {'line': b'-- Configuring incomplete, errors occurred!\n'}
[1.193676] (examples_rclcpp_async_client) StdoutLine: {'line': b'See also "/config/workspace/ros/d2lros2/chapter2/colcon_test_ws/build/examples_rclcpp_async_client/CMakeFiles/CMakeOutput.log".\n'}
[1.194407] (examples_rclcpp_cbg_executor) CommandEnded: {'returncode': 1}
[1.205831] (examples_rclcpp_minimal_action_client) CommandEnded: {'returncode': 1}
[1.206580] (-) TimerEvent: {}
[1.208446] (examples_rclcpp_async_client) CommandEnded: {'returncode': 1}
[1.212338] (examples_rclcpp_minimal_action_server) StdoutLine: {'line': b'-- Found rclcpp_action: 16.0.10 (/opt/ros/humble/share/rclcpp_action/cmake)\n'}
[1.232586] (examples_rclcpp_minimal_action_server) StdoutLine: {'line': b'-- Found ament_lint_auto: 0.12.11 (/opt/ros/humble/share/ament_lint_auto/cmake)\n'}
[1.239215] (examples_rclcpp_cbg_executor) JobEnded: {'identifier': 'examples_rclcpp_cbg_executor', 'rc': 1}
[1.242162] (examples_rclcpp_minimal_action_client) JobEnded: {'identifier': 'examples_rclcpp_minimal_action_client', 'rc': 'SIGINT'}
[1.243038] (examples_rclcpp_async_client) JobEnded: {'identifier': 'examples_rclcpp_async_client', 'rc': 'SIGINT'}
[1.275650] (examples_rclcpp_minimal_action_server) StderrLine: {'line': b'Traceback (most recent call last):\n'}
[1.276055] (examples_rclcpp_minimal_action_server) StderrLine: {'line': b'  File "/opt/ros/humble/share/ament_cmake_core/cmake/core/package_xml_2_cmake.py", line 22, in <module>\n'}
[1.276224] (examples_rclcpp_minimal_action_server) StderrLine: {'line': b'    from catkin_pkg.package import parse_package_string\n'}
[1.276376] (examples_rclcpp_minimal_action_server) StderrLine: {'line': b"ModuleNotFoundError: No module named 'catkin_pkg'\n"}
[1.283834] (examples_rclcpp_minimal_action_server) StderrLine: {'line': b'\x1b[31mCMake Error at /opt/ros/humble/share/ament_cmake_core/cmake/core/ament_package_xml.cmake:95 (message):\n'}
[1.284251] (examples_rclcpp_minimal_action_server) StderrLine: {'line': b'  execute_process(/config/miniconda3/bin/python3\n'}
[1.284412] (examples_rclcpp_minimal_action_server) StderrLine: {'line': b'  /opt/ros/humble/share/ament_cmake_core/cmake/core/package_xml_2_cmake.py\n'}
[1.284561] (examples_rclcpp_minimal_action_server) StderrLine: {'line': b'  /config/workspace/ros/d2lros2/chapter2/colcon_test_ws/src/examples/rclcpp/actions/minimal_action_server/package.xml\n'}
[1.284727] (examples_rclcpp_minimal_action_server) StderrLine: {'line': b'  /config/workspace/ros/d2lros2/chapter2/colcon_test_ws/build/examples_rclcpp_minimal_action_server/ament_cmake_core/package.cmake)\n'}
[1.284881] (examples_rclcpp_minimal_action_server) StderrLine: {'line': b'  returned error code 1\n'}
[1.285027] (examples_rclcpp_minimal_action_server) StderrLine: {'line': b'Call Stack (most recent call first):\n'}
[1.285169] (examples_rclcpp_minimal_action_server) StderrLine: {'line': b'  /opt/ros/humble/share/ament_cmake_core/cmake/core/ament_package_xml.cmake:49 (_ament_package_xml)\n'}
[1.285315] (examples_rclcpp_minimal_action_server) StderrLine: {'line': b'  /opt/ros/humble/share/ament_lint_auto/cmake/ament_lint_auto_find_test_dependencies.cmake:31 (ament_package_xml)\n'}
[1.285461] (examples_rclcpp_minimal_action_server) StderrLine: {'line': b'  CMakeLists.txt:32 (ament_lint_auto_find_test_dependencies)\n'}
[1.285605] (examples_rclcpp_minimal_action_server) StderrLine: {'line': b'\n'}
[1.285744] (examples_rclcpp_minimal_action_server) StderrLine: {'line': b'\x1b[0m\n'}
[1.285889] (examples_rclcpp_minimal_action_server) StdoutLine: {'line': b'-- Configuring incomplete, errors occurred!\n'}
[1.286054] (examples_rclcpp_minimal_action_server) StdoutLine: {'line': b'See also "/config/workspace/ros/d2lros2/chapter2/colcon_test_ws/build/examples_rclcpp_minimal_action_server/CMakeFiles/CMakeOutput.log".\n'}
[1.297222] (examples_rclcpp_minimal_action_server) JobEnded: {'identifier': 'examples_rclcpp_minimal_action_server', 'rc': 'SIGINT'}
[1.307144] (-) TimerEvent: {}
[1.308703] (examples_rclcpp_minimal_client) JobSkipped: {'identifier': 'examples_rclcpp_minimal_client'}
[1.308854] (examples_rclcpp_minimal_composition) JobSkipped: {'identifier': 'examples_rclcpp_minimal_composition'}
[1.308909] (examples_rclcpp_minimal_publisher) JobSkipped: {'identifier': 'examples_rclcpp_minimal_publisher'}
[1.308959] (examples_rclcpp_minimal_service) JobSkipped: {'identifier': 'examples_rclcpp_minimal_service'}
[1.309004] (examples_rclcpp_minimal_subscriber) JobSkipped: {'identifier': 'examples_rclcpp_minimal_subscriber'}
[1.309053] (examples_rclcpp_minimal_timer) JobSkipped: {'identifier': 'examples_rclcpp_minimal_timer'}
[1.309180] (examples_rclcpp_multithreaded_executor) JobSkipped: {'identifier': 'examples_rclcpp_multithreaded_executor'}
[1.309225] (examples_rclcpp_wait_set) JobSkipped: {'identifier': 'examples_rclcpp_wait_set'}
[1.309266] (examples_rclpy_executors) JobSkipped: {'identifier': 'examples_rclpy_executors'}
[1.309308] (examples_rclpy_guard_conditions) JobSkipped: {'identifier': 'examples_rclpy_guard_conditions'}
[1.309350] (examples_rclpy_minimal_action_client) JobSkipped: {'identifier': 'examples_rclpy_minimal_action_client'}
[1.309410] (examples_rclpy_minimal_action_server) JobSkipped: {'identifier': 'examples_rclpy_minimal_action_server'}
[1.309449] (examples_rclpy_minimal_client) JobSkipped: {'identifier': 'examples_rclpy_minimal_client'}
[1.309488] (examples_rclpy_minimal_publisher) JobSkipped: {'identifier': 'examples_rclpy_minimal_publisher'}
[1.309526] (examples_rclpy_minimal_service) JobSkipped: {'identifier': 'examples_rclpy_minimal_service'}
[1.309567] (examples_rclpy_minimal_subscriber) JobSkipped: {'identifier': 'examples_rclpy_minimal_subscriber'}
[1.309609] (examples_rclpy_pointcloud_publisher) JobSkipped: {'identifier': 'examples_rclpy_pointcloud_publisher'}
[1.309648] (launch_testing_examples) JobSkipped: {'identifier': 'launch_testing_examples'}
[1.309689] (-) EventReactorShutdown: {}
